# JRE version: OpenJDK Runtime Environment (21.0.6) (build 21.0.6+-13391695-b895.109)
# Java VM: OpenJDK 64-Bit Server VM (21.0.6+-13391695-b895.109, mixed mode, tiered, compressed oops, compressed class ptrs, g1 gc, windows-amd64)
GC Precious Log:
 CardTable entry size: 512
 Card Set container configuration: InlinePtr #cards 4 size 8 Array Of Cards #cards 32 size 80 Howl #buckets 8 coarsen threshold 7372 Howl Bitmap #cards 1024 size 144 coarsen threshold 921 Card regions per heap region 1 cards per card region 8192
 CPUs: 8 total, 8 available
 Memory: 6030M
 Large Page Support: Disabled
 NUMA Support: Disabled
 Compressed Oops: Enabled (Zero based)
 Heap Region Size: 4M
 Heap Min Capacity: 8M
 Heap Initial Capacity: 96M
 Heap Max Capacity: 8G
 Pre-touch: Disabled
 Parallel Workers: 8
 Concurrent Workers: 2
 Concurrent Refinement Workers: 8
 Periodic GC: Disabled
Heap:
 garbage-first heap   total 393216K, used 342265K [0x0000000600000000, 0x0000000800000000)
  region size 4096K, 40 young (163840K), 2 survivors (8192K)
 Metaspace       used 148278K, committed 150848K, reserved 1179648K
  class space    used 19589K, committed 20864K, reserved 1048576K
GC Heap History (20 events):
Event: 136.458 GC heap before
{Heap before GC invocations=72 (full 0):
 garbage-first heap   total 266240K, used 232671K [0x0000000600000000, 0x0000000800000000)
  region size 4096K, 17 young (69632K), 2 survivors (8192K)
 Metaspace       used 130980K, committed 133376K, reserved 1179648K
  class space    used 17857K, committed 19008K, reserved 1048576K
}
Event: 136.467 GC heap after
{Heap after GC invocations=73 (full 0):
 garbage-first heap   total 319488K, used 176310K [0x0000000600000000, 0x0000000800000000)
  region size 4096K, 2 young (8192K), 2 survivors (8192K)
 Metaspace       used 130980K, committed 133376K, reserved 1179648K
  class space    used 17857K, committed 19008K, reserved 1048576K
}
Event: 140.080 GC heap before
{Heap before GC invocations=74 (full 0):
 garbage-first heap   total 319488K, used 282497K [0x0000000600000000, 0x0000000800000000)
  region size 4096K, 29 young (118784K), 2 survivors (8192K)
 Metaspace       used 134318K, committed 136768K, reserved 1179648K
  class space    used 18184K, committed 19392K, reserved 1048576K
}
Event: 140.097 GC heap after
{Heap after GC invocations=75 (full 0):
 garbage-first heap   total 319488K, used 182220K [0x0000000600000000, 0x0000000800000000)
  region size 4096K, 4 young (16384K), 4 survivors (16384K)
 Metaspace       used 134318K, committed 136768K, reserved 1179648K
  class space    used 18184K, committed 19392K, reserved 1048576K
}
Event: 144.896 GC heap before
{Heap before GC invocations=75 (full 0):
 garbage-first heap   total 319488K, used 276428K [0x0000000600000000, 0x0000000800000000)
  region size 4096K, 28 young (114688K), 4 survivors (16384K)
 Metaspace       used 136925K, committed 139392K, reserved 1179648K
  class space    used 18426K, committed 19648K, reserved 1048576K
}
Event: 144.919 GC heap after
{Heap after GC invocations=76 (full 0):
 garbage-first heap   total 319488K, used 183986K [0x0000000600000000, 0x0000000800000000)
  region size 4096K, 4 young (16384K), 4 survivors (16384K)
 Metaspace       used 136925K, committed 139392K, reserved 1179648K
  class space    used 18426K, committed 19648K, reserved 1048576K
}
Event: 146.058 GC heap before
{Heap before GC invocations=76 (full 0):
 garbage-first heap   total 319488K, used 274098K [0x0000000600000000, 0x0000000800000000)
  region size 4096K, 27 young (110592K), 4 survivors (16384K)
 Metaspace       used 137000K, committed 139520K, reserved 1179648K
  class space    used 18426K, committed 19648K, reserved 1048576K
}
Event: 146.074 GC heap after
{Heap after GC invocations=77 (full 0):
 garbage-first heap   total 319488K, used 187885K [0x0000000600000000, 0x0000000800000000)
  region size 4096K, 3 young (12288K), 3 survivors (12288K)
 Metaspace       used 137000K, committed 139520K, reserved 1179648K
  class space    used 18426K, committed 19648K, reserved 1048576K
}
Event: 147.546 GC heap before
{Heap before GC invocations=78 (full 0):
 garbage-first heap   total 323584K, used 277997K [0x0000000600000000, 0x0000000800000000)
  region size 4096K, 26 young (106496K), 3 survivors (12288K)
 Metaspace       used 138554K, committed 140992K, reserved 1179648K
  class space    used 18619K, committed 19840K, reserved 1048576K
}
Event: 147.561 GC heap after
{Heap after GC invocations=79 (full 0):
 garbage-first heap   total 323584K, used 189690K [0x0000000600000000, 0x0000000800000000)
  region size 4096K, 3 young (12288K), 3 survivors (12288K)
 Metaspace       used 138554K, committed 140992K, reserved 1179648K
  class space    used 18619K, committed 19840K, reserved 1048576K
}
Event: 148.428 GC heap before
{Heap before GC invocations=79 (full 0):
 garbage-first heap   total 323584K, used 279802K [0x0000000600000000, 0x0000000800000000)
  region size 4096K, 26 young (106496K), 3 survivors (12288K)
 Metaspace       used 139826K, committed 142336K, reserved 1179648K
  class space    used 18764K, committed 20032K, reserved 1048576K
}
Event: 148.443 GC heap after
{Heap after GC invocations=80 (full 0):
 garbage-first heap   total 323584K, used 188911K [0x0000000600000000, 0x0000000800000000)
  region size 4096K, 3 young (12288K), 3 survivors (12288K)
 Metaspace       used 139826K, committed 142336K, reserved 1179648K
  class space    used 18764K, committed 20032K, reserved 1048576K
}
Event: 150.400 GC heap before
{Heap before GC invocations=80 (full 0):
 garbage-first heap   total 323584K, used 270831K [0x0000000600000000, 0x0000000800000000)
  region size 4096K, 25 young (102400K), 3 survivors (12288K)
 Metaspace       used 140000K, committed 142592K, reserved 1179648K
  class space    used 18788K, committed 20096K, reserved 1048576K
}
Event: 150.411 GC heap after
{Heap after GC invocations=81 (full 0):
 garbage-first heap   total 323584K, used 189484K [0x0000000600000000, 0x0000000800000000)
  region size 4096K, 2 young (8192K), 2 survivors (8192K)
 Metaspace       used 140000K, committed 142592K, reserved 1179648K
  class space    used 18788K, committed 20096K, reserved 1048576K
}
Event: 151.454 GC heap before
{Heap before GC invocations=82 (full 0):
 garbage-first heap   total 327680K, used 295980K [0x0000000600000000, 0x0000000800000000)
  region size 4096K, 28 young (114688K), 2 survivors (8192K)
 Metaspace       used 144622K, committed 147136K, reserved 1179648K
  class space    used 19157K, committed 20416K, reserved 1048576K
}
Event: 151.465 GC heap after
{Heap after GC invocations=83 (full 0):
 garbage-first heap   total 327680K, used 196771K [0x0000000600000000, 0x0000000800000000)
  region size 4096K, 3 young (12288K), 3 survivors (12288K)
 Metaspace       used 144622K, committed 147136K, reserved 1179648K
  class space    used 19157K, committed 20416K, reserved 1048576K
}
Event: 152.681 GC heap before
{Heap before GC invocations=83 (full 0):
 garbage-first heap   total 327680K, used 290979K [0x0000000600000000, 0x0000000800000000)
  region size 4096K, 27 young (110592K), 3 survivors (12288K)
 Metaspace       used 144911K, committed 147456K, reserved 1179648K
  class space    used 19161K, committed 20416K, reserved 1048576K
}
Event: 152.700 GC heap after
{Heap after GC invocations=84 (full 0):
 garbage-first heap   total 327680K, used 193241K [0x0000000600000000, 0x0000000800000000)
  region size 4096K, 2 young (8192K), 2 survivors (8192K)
 Metaspace       used 144911K, committed 147456K, reserved 1179648K
  class space    used 19161K, committed 20416K, reserved 1048576K
}
Event: 153.527 GC heap before
{Heap before GC invocations=84 (full 0):
 garbage-first heap   total 327680K, used 295641K [0x0000000600000000, 0x0000000800000000)
  region size 4096K, 28 young (114688K), 2 survivors (8192K)
 Metaspace       used 144953K, committed 147520K, reserved 1179648K
  class space    used 19163K, committed 20416K, reserved 1048576K
}
Event: 153.537 GC heap after
{Heap after GC invocations=85 (full 0):
 garbage-first heap   total 393216K, used 194809K [0x0000000600000000, 0x0000000800000000)
  region size 4096K, 2 young (8192K), 2 survivors (8192K)
 Metaspace       used 144953K, committed 147520K, reserved 1179648K
  class space    used 19163K, committed 20416K, reserved 1048576K
}

